TN:
SF:C:/Users/Bohdan_Popovych/Desktop/tour-of-heroes-unit-testing-master/src/polyfills.ts
FNF:0
FNH:0
DA:46,1
DA:73,1
LF:2
LH:2
BRF:0
BRH:0
end_of_record
TN:
SF:C:/Users/Bohdan_Popovych/Desktop/tour-of-heroes-unit-testing-master/src/test.ts
FNF:0
FNH:0
DA:3,1
DA:4,1
DA:5,1
DA:13,1
DA:18,1
DA:20,1
LF:6
LH:6
BRF:0
BRH:0
end_of_record
TN:
SF:C:/Users/Bohdan_Popovych/Desktop/tour-of-heroes-unit-testing-master/src/app/message.service.ts
FN:4,(anonymous_1)
FN:3,MessageService
FN:7,(anonymous_3)
FN:11,(anonymous_4)
FNF:4
FNH:4
FNDA:1,(anonymous_1)
FNDA:21,MessageService
FNDA:17,(anonymous_3)
FNDA:1,(anonymous_4)
DA:1,1
DA:4,1
DA:5,21
DA:7,1
DA:8,17
DA:11,1
DA:12,1
DA:14,1
LF:8
LH:8
BRF:0
BRH:0
end_of_record
TN:
SF:C:/Users/Bohdan_Popovych/Desktop/tour-of-heroes-unit-testing-master/src/app/mock-notes.ts
FNF:0
FNH:0
DA:3,1
LF:1
LH:1
BRF:0
BRH:0
end_of_record
TN:
SF:C:/Users/Bohdan_Popovych/Desktop/tour-of-heroes-unit-testing-master/src/app/note.service.ts
FN:15,(anonymous_2)
FN:19,NoteService
FN:23,(anonymous_4)
FN:26,(anonymous_5)
FN:31,(anonymous_6)
FN:35,(anonymous_7)
FN:36,(anonymous_8)
FN:44,(anonymous_9)
FN:47,(anonymous_10)
FN:53,(anonymous_11)
FN:58,(anonymous_12)
FN:63,(anonymous_13)
FN:65,(anonymous_14)
FN:70,(anonymous_15)
FN:75,(anonymous_16)
FN:80,(anonymous_17)
FN:82,(anonymous_18)
FN:87,(anonymous_19)
FN:88,(anonymous_20)
FN:98,(anonymous_21)
FNF:20
FNH:20
FNDA:1,(anonymous_2)
FNDA:19,NoteService
FNDA:2,(anonymous_4)
FNDA:1,(anonymous_5)
FNDA:3,(anonymous_6)
FNDA:2,(anonymous_7)
FNDA:2,(anonymous_8)
FNDA:3,(anonymous_9)
FNDA:1,(anonymous_10)
FNDA:4,(anonymous_11)
FNDA:2,(anonymous_12)
FNDA:2,(anonymous_13)
FNDA:1,(anonymous_14)
FNDA:2,(anonymous_15)
FNDA:2,(anonymous_16)
FNDA:2,(anonymous_17)
FNDA:1,(anonymous_18)
FNDA:17,(anonymous_19)
FNDA:7,(anonymous_20)
FNDA:17,(anonymous_21)
DA:1,1
DA:2,1
DA:4,1
DA:5,1
DA:8,1
DA:10,1
DA:15,1
DA:17,19
DA:20,19
DA:21,19
DA:23,2
DA:24,2
DA:26,1
DA:31,3
DA:32,3
DA:33,3
DA:35,2
DA:37,2
DA:38,2
DA:44,3
DA:45,3
DA:46,3
DA:47,1
DA:53,4
DA:54,4
DA:55,1
DA:57,3
DA:58,2
DA:63,2
DA:64,2
DA:65,1
DA:70,2
DA:71,2
DA:72,2
DA:74,2
DA:75,2
DA:80,2
DA:81,2
DA:82,1
DA:87,17
DA:88,17
DA:90,7
DA:92,7
DA:94,7
DA:98,1
DA:99,17
DA:101,1
LF:47
LH:47
BRDA:37,0,0,1
BRDA:37,0,1,1
BRDA:54,1,0,1
BRDA:54,1,1,3
BRDA:71,2,0,1
BRDA:71,2,1,1
BRF:6
BRH:6
end_of_record
TN:
SF:C:/Users/Bohdan_Popovych/Desktop/tour-of-heroes-unit-testing-master/src/app/archive/archive.component.ts
FN:11,(anonymous_2)
FN:14,ArchiveComponent
FN:16,(anonymous_4)
FN:20,(anonymous_5)
FN:22,(anonymous_6)
FN:25,(anonymous_7)
FN:30,(anonymous_8)
FNF:7
FNH:7
FNDA:1,(anonymous_2)
FNDA:8,ArchiveComponent
FNDA:4,(anonymous_4)
FNDA:6,(anonymous_5)
FNDA:6,(anonymous_6)
FNDA:1,(anonymous_7)
FNDA:1,(anonymous_8)
DA:1,1
DA:4,1
DA:11,1
DA:14,8
DA:16,1
DA:17,4
DA:20,6
DA:21,6
DA:22,6
DA:25,1
DA:26,1
DA:27,1
DA:30,1
DA:31,1
DA:33,1
DA:34,1
DA:37,1
LF:17
LH:17
BRF:0
BRH:0
end_of_record
TN:
SF:C:/Users/Bohdan_Popovych/Desktop/tour-of-heroes-unit-testing-master/src/app/dashboard/dashboard.component.ts
FN:10,(anonymous_2)
FN:13,DashboardComponent
FN:15,(anonymous_4)
FN:19,(anonymous_5)
FN:21,(anonymous_6)
FN:21,(anonymous_7)
FN:24,(anonymous_8)
FN:30,(anonymous_9)
FN:37,(anonymous_10)
FN:41,(anonymous_11)
FNF:10
FNH:10
FNDA:1,(anonymous_2)
FNDA:16,DashboardComponent
FNDA:8,(anonymous_4)
FNDA:9,(anonymous_5)
FNDA:9,(anonymous_6)
FNDA:81,(anonymous_7)
FNDA:1,(anonymous_8)
FNDA:1,(anonymous_9)
FNDA:2,(anonymous_10)
FNDA:1,(anonymous_11)
DA:1,1
DA:3,1
DA:10,1
DA:11,16
DA:13,16
DA:15,1
DA:16,8
DA:19,9
DA:20,9
DA:21,81
DA:24,1
DA:25,1
DA:27,1
DA:30,1
DA:31,1
DA:33,1
DA:34,1
DA:37,2
DA:38,2
DA:39,2
DA:40,1
DA:42,1
DA:45,1
LF:23
LH:23
BRDA:39,0,0,1
BRDA:39,0,1,1
BRF:2
BRH:2
end_of_record
TN:
SF:C:/Users/Bohdan_Popovych/Desktop/tour-of-heroes-unit-testing-master/src/app/messages/messages.component.ts
FN:9,(anonymous_2)
FN:11,MessagesComponent
FN:13,(anonymous_4)
FNF:3
FNH:3
FNDA:1,(anonymous_2)
FNDA:1,MessagesComponent
FNDA:1,(anonymous_4)
DA:1,1
DA:2,1
DA:9,1
DA:11,1
DA:13,1
DA:16,1
LF:6
LH:6
BRF:0
BRH:0
end_of_record
TN:
SF:C:/Users/Bohdan_Popovych/Desktop/tour-of-heroes-unit-testing-master/src/app/note-search/note-search.component.ts
FN:17,(anonymous_2)
FN:21,NoteSearchComponent
FN:23,(anonymous_4)
FN:27,(anonymous_5)
FN:31,(anonymous_6)
FNF:5
FNH:5
FNDA:1,(anonymous_2)
FNDA:12,NoteSearchComponent
FNDA:2,(anonymous_4)
FNDA:10,(anonymous_5)
FNDA:1,(anonymous_6)
DA:1,1
DA:3,1
DA:5,1
DA:10,1
DA:17,1
DA:19,12
DA:21,12
DA:23,1
DA:24,2
DA:27,10
DA:28,10
DA:31,1
DA:34,1
LF:13
LH:13
BRF:0
BRH:0
end_of_record
